[2021-10-19 02:18:20,905] multiqc                                            [DEBUG  ]  No MultiQC config found: /usr/local/lib/python3.9/site-packages/multiqc_config.yaml
[2021-10-19 02:18:20,908] multiqc                                            [DEBUG  ]  No MultiQC config found: /Users/kaihu/.multiqc_config.yaml
[2021-10-19 02:18:20,913] multiqc                                            [DEBUG  ]  Loading config settings from: multiqc_config.yaml
[2021-10-19 02:18:20,913] multiqc                                            [DEBUG  ]  New config 'report_comment': This report has been generated by the <a href="https://github.com/nf-core/geotofastq" target="_blank">nf-core/geotofastq</a> analysis pipeline. For information about how to interpret these results, please see the <a href="https://github.com/nf-core/geotofastq" target="_blank">documentation</a>.

[2021-10-19 02:18:20,913] multiqc                                            [DEBUG  ]  New config 'report_section_order': {'software_versions': {'order': -1000}, 'nf-core-geotofastq-summary': {'order': -1001}}
[2021-10-19 02:18:20,913] multiqc                                            [DEBUG  ]  New config 'export_plots': True
[2021-10-19 02:18:20,913] multiqc                                            [DEBUG  ]  Command used: /usr/local/bin/multiqc -f .
[2021-10-19 02:18:21,754] multiqc                                            [WARNING]  MultiQC Version v1.11 now available!
[2021-10-19 02:18:21,754] multiqc                                            [INFO   ]  This is MultiQC v1.10.1
[2021-10-19 02:18:21,755] multiqc                                            [DEBUG  ]  Command     : /usr/local/bin/multiqc -f .
[2021-10-19 02:18:21,755] multiqc                                            [DEBUG  ]  Working dir : /Users/kaihu/GitHub/demo_nfcore/nf-core-geotofastq/work/49/a5fa11891997cdf5f253b30d97a1e6
[2021-10-19 02:18:21,755] multiqc                                            [INFO   ]  Template    : default
[2021-10-19 02:18:21,755] multiqc                                            [DEBUG  ]  Running Python 3.9.2 | packaged by conda-forge | (default, Feb 21 2021, 05:02:46)  [GCC 9.3.0]
[2021-10-19 02:18:21,755] multiqc                                            [INFO   ]  Searching   : /Users/kaihu/GitHub/demo_nfcore/nf-core-geotofastq/work/49/a5fa11891997cdf5f253b30d97a1e6
[2021-10-19 02:18:21,756] multiqc                                            [DEBUG  ]  Analysing modules: custom_content, ngsderive, purple, conpair, peddy, somalier, methylQA, mosdepth, phantompeakqualtools, qualimap, preseq, quast, qorts, rna_seqc, rockhopper, rsem, rseqc, busco, goleft_indexcov, disambiguate, supernova, deeptools, sargasso, verifybamid, mirtrace, happy, mirtop, homer, hops, macs2, theta2, snpeff, gatk, htseq, bcftools, featureCounts, fgbio, dragen, dedup, damageprofiler, biobambam2, jcvi, mtnucratio, picard, sentieon, prokka, qc3C, samblaster, samtools, sexdeterrmine, eigenstratdatabasetools, bamtools, jellyfish, vcftools, longranger, stacks, varscan2, bbmap, bismark, biscuit, hicexplorer, hicup, hicpro, salmon, kallisto, slamdunk, star, hisat2, tophat, bowtie2, bowtie1, snpsplit, kat, leehom, adapterRemoval, clipandmerge, cutadapt, flexbar, kaiju, kraken, malt, trimmomatic, sickle, skewer, sortmerna, biobloomtools, fastq_screen, afterqc, fastp, fastqc, pychopper, pycoqc, minionqc, multivcfanalyzer, clusterflow, bcl2fastq, interop, ivar, flash, seqyclean, optitype
[2021-10-19 02:18:21,756] multiqc                                            [DEBUG  ]  Using temporary directory for creating report: /tmp/tmpg_4281ub
[2021-10-19 02:18:22,586] multiqc                                            [DEBUG  ]  File ignored by hicexplorer because it exceeded search pattern filesize limit: .command.run
[2021-10-19 02:18:22,613] multiqc                                            [DEBUG  ]  File ignored by longranger/invocation because it exceeded search pattern filesize limit: .command.run
[2021-10-19 02:18:23,629] multiqc.plots.bargraph                             [DEBUG  ]  Using matplotlib version 3.4.1
[2021-10-19 02:18:23,630] multiqc.plots.linegraph                            [DEBUG  ]  Using matplotlib version 3.4.1
[2021-10-19 02:18:23,636] multiqc.modules.custom_content.custom_content      [INFO   ]  nf-core-geotofastq-summary: Found 1 sample (html)
[2021-10-19 02:18:23,640] multiqc                                            [DEBUG  ]  No samples found: ngsderive
[2021-10-19 02:18:23,642] multiqc                                            [DEBUG  ]  No samples found: purple
[2021-10-19 02:18:23,645] multiqc                                            [DEBUG  ]  No samples found: conpair
[2021-10-19 02:18:23,651] multiqc                                            [DEBUG  ]  No samples found: peddy
[2021-10-19 02:18:23,654] multiqc                                            [DEBUG  ]  No samples found: somalier
[2021-10-19 02:18:23,656] multiqc                                            [DEBUG  ]  No samples found: methylQA
[2021-10-19 02:18:23,659] multiqc                                            [DEBUG  ]  No samples found: mosdepth
[2021-10-19 02:18:23,662] multiqc                                            [DEBUG  ]  No samples found: phantompeakqualtools
[2021-10-19 02:18:23,664] multiqc                                            [DEBUG  ]  No samples found: qualimap
[2021-10-19 02:18:23,667] multiqc                                            [DEBUG  ]  No samples found: preseq
[2021-10-19 02:18:23,669] multiqc                                            [DEBUG  ]  No samples found: quast
[2021-10-19 02:18:23,674] multiqc                                            [DEBUG  ]  No samples found: qorts
[2021-10-19 02:18:23,676] multiqc                                            [DEBUG  ]  No samples found: rna_seqc
[2021-10-19 02:18:23,679] multiqc                                            [DEBUG  ]  No samples found: rockhopper
[2021-10-19 02:18:23,681] multiqc                                            [DEBUG  ]  No samples found: rsem
[2021-10-19 02:18:23,685] multiqc                                            [DEBUG  ]  No samples found: rseqc
[2021-10-19 02:18:23,687] multiqc                                            [DEBUG  ]  No samples found: busco
[2021-10-19 02:18:23,689] multiqc                                            [DEBUG  ]  No samples found: goleft_indexcov
[2021-10-19 02:18:23,691] multiqc                                            [DEBUG  ]  No samples found: disambiguate
[2021-10-19 02:18:23,694] multiqc                                            [DEBUG  ]  No samples found: supernova
[2021-10-19 02:18:23,715] multiqc                                            [DEBUG  ]  No samples found: deeptools
[2021-10-19 02:18:23,718] multiqc                                            [DEBUG  ]  No samples found: sargasso
[2021-10-19 02:18:23,720] multiqc                                            [DEBUG  ]  No samples found: verifybamid
[2021-10-19 02:18:23,723] multiqc                                            [DEBUG  ]  No samples found: mirtrace
[2021-10-19 02:18:23,725] multiqc                                            [DEBUG  ]  No samples found: happy
[2021-10-19 02:18:23,727] multiqc                                            [DEBUG  ]  No samples found: mirtop
[2021-10-19 02:18:23,730] multiqc                                            [DEBUG  ]  No samples found: homer
[2021-10-19 02:18:23,732] multiqc                                            [DEBUG  ]  No samples found: hops
[2021-10-19 02:18:23,735] multiqc                                            [DEBUG  ]  No samples found: macs2
[2021-10-19 02:18:23,737] multiqc                                            [DEBUG  ]  No samples found: theta2
[2021-10-19 02:18:23,739] multiqc                                            [DEBUG  ]  No samples found: snpeff
[2021-10-19 02:18:23,742] multiqc                                            [DEBUG  ]  No samples found: gatk
[2021-10-19 02:18:23,745] multiqc                                            [DEBUG  ]  No samples found: htseq
[2021-10-19 02:18:23,747] multiqc                                            [DEBUG  ]  No samples found: bcftools
[2021-10-19 02:18:23,750] multiqc                                            [DEBUG  ]  No samples found: featureCounts
[2021-10-19 02:18:23,755] multiqc                                            [DEBUG  ]  No samples found: fgbio
[2021-10-19 02:18:23,759] multiqc                                            [DEBUG  ]  No samples found: dragen
[2021-10-19 02:18:23,761] multiqc                                            [DEBUG  ]  No samples found: dedup
[2021-10-19 02:18:23,763] multiqc                                            [DEBUG  ]  No samples found: damageprofiler
[2021-10-19 02:18:23,770] multiqc                                            [DEBUG  ]  No samples found: biobambam2
[2021-10-19 02:18:23,772] multiqc                                            [DEBUG  ]  No samples found: jcvi
[2021-10-19 02:18:23,774] multiqc                                            [DEBUG  ]  No samples found: mtnucratio
[2021-10-19 02:18:23,776] multiqc                                            [DEBUG  ]  No samples found: picard
[2021-10-19 02:18:23,778] multiqc                                            [DEBUG  ]  No samples found: sentieon
[2021-10-19 02:18:23,780] multiqc                                            [DEBUG  ]  No samples found: prokka
[2021-10-19 02:18:23,782] multiqc                                            [DEBUG  ]  No samples found: qc3C
[2021-10-19 02:18:23,784] multiqc                                            [DEBUG  ]  No samples found: samblaster
[2021-10-19 02:18:23,787] multiqc                                            [DEBUG  ]  No samples found: samtools
[2021-10-19 02:18:23,789] multiqc                                            [DEBUG  ]  No samples found: sexdeterrmine
[2021-10-19 02:18:23,791] multiqc                                            [DEBUG  ]  No samples found: eigenstratdatabasetools
[2021-10-19 02:18:23,796] multiqc                                            [DEBUG  ]  No samples found: bamtools
[2021-10-19 02:18:23,798] multiqc                                            [DEBUG  ]  No samples found: jellyfish
[2021-10-19 02:18:23,800] multiqc                                            [DEBUG  ]  No samples found: vcftools
[2021-10-19 02:18:23,803] multiqc                                            [DEBUG  ]  No samples found: longranger
[2021-10-19 02:18:23,805] multiqc                                            [DEBUG  ]  No samples found: stacks
[2021-10-19 02:18:23,807] multiqc                                            [DEBUG  ]  No samples found: varscan2
[2021-10-19 02:18:23,812] multiqc                                            [DEBUG  ]  No samples found: bbmap
[2021-10-19 02:18:23,815] multiqc                                            [DEBUG  ]  No samples found: bismark
[2021-10-19 02:18:23,819] multiqc                                            [DEBUG  ]  No samples found: biscuit
[2021-10-19 02:18:23,825] multiqc                                            [DEBUG  ]  No samples found: hicexplorer
[2021-10-19 02:18:23,828] multiqc                                            [DEBUG  ]  No samples found: hicup
[2021-10-19 02:18:23,831] multiqc                                            [DEBUG  ]  No samples found: hicpro
[2021-10-19 02:18:23,833] multiqc                                            [DEBUG  ]  No samples found: salmon
[2021-10-19 02:18:23,836] multiqc                                            [DEBUG  ]  No samples found: kallisto
[2021-10-19 02:18:23,839] multiqc                                            [DEBUG  ]  No samples found: slamdunk
[2021-10-19 02:18:23,841] multiqc                                            [DEBUG  ]  No samples found: star
[2021-10-19 02:18:23,844] multiqc                                            [DEBUG  ]  No samples found: hisat2
[2021-10-19 02:18:23,846] multiqc                                            [DEBUG  ]  No samples found: tophat
[2021-10-19 02:18:23,859] multiqc                                            [DEBUG  ]  No samples found: bowtie2
[2021-10-19 02:18:23,863] multiqc                                            [DEBUG  ]  No samples found: bowtie1
[2021-10-19 02:18:23,867] multiqc                                            [DEBUG  ]  No samples found: snpsplit
[2021-10-19 02:18:23,870] multiqc                                            [DEBUG  ]  No samples found: kat
[2021-10-19 02:18:23,873] multiqc                                            [DEBUG  ]  No samples found: leehom
[2021-10-19 02:18:23,876] multiqc                                            [DEBUG  ]  No samples found: adapterRemoval
[2021-10-19 02:18:23,878] multiqc                                            [DEBUG  ]  No samples found: clipandmerge
[2021-10-19 02:18:23,881] multiqc                                            [DEBUG  ]  No samples found: cutadapt
[2021-10-19 02:18:23,883] multiqc                                            [DEBUG  ]  No samples found: flexbar
[2021-10-19 02:18:23,885] multiqc                                            [DEBUG  ]  No samples found: kaiju
[2021-10-19 02:18:23,888] multiqc                                            [DEBUG  ]  No samples found: kraken
[2021-10-19 02:18:23,891] multiqc                                            [DEBUG  ]  No samples found: malt
[2021-10-19 02:18:23,893] multiqc                                            [DEBUG  ]  No samples found: trimmomatic
[2021-10-19 02:18:23,896] multiqc                                            [DEBUG  ]  No samples found: sickle
[2021-10-19 02:18:23,898] multiqc                                            [DEBUG  ]  No samples found: skewer
[2021-10-19 02:18:23,900] multiqc                                            [DEBUG  ]  No samples found: sortmerna
[2021-10-19 02:18:23,902] multiqc                                            [DEBUG  ]  No samples found: biobloomtools
[2021-10-19 02:18:23,905] multiqc                                            [DEBUG  ]  No samples found: fastq_screen
[2021-10-19 02:18:23,907] multiqc                                            [DEBUG  ]  No samples found: afterqc
[2021-10-19 02:18:23,910] multiqc                                            [DEBUG  ]  No samples found: fastp
[2021-10-19 02:18:23,913] multiqc                                            [DEBUG  ]  No samples found: fastqc
[2021-10-19 02:18:23,917] multiqc                                            [DEBUG  ]  No samples found: pychopper
[2021-10-19 02:18:23,920] multiqc                                            [DEBUG  ]  No samples found: pycoqc
[2021-10-19 02:18:23,923] multiqc                                            [DEBUG  ]  No samples found: minionqc
[2021-10-19 02:18:23,925] multiqc                                            [DEBUG  ]  No samples found: multivcfanalyzer
[2021-10-19 02:18:23,927] multiqc                                            [DEBUG  ]  No samples found: clusterflow
[2021-10-19 02:18:23,929] multiqc                                            [DEBUG  ]  No samples found: bcl2fastq
[2021-10-19 02:18:23,932] multiqc                                            [DEBUG  ]  No samples found: interop
[2021-10-19 02:18:23,934] multiqc                                            [DEBUG  ]  No samples found: ivar
[2021-10-19 02:18:23,939] multiqc                                            [DEBUG  ]  No samples found: flash
[2021-10-19 02:18:23,941] multiqc                                            [DEBUG  ]  No samples found: seqyclean
[2021-10-19 02:18:23,943] multiqc                                            [DEBUG  ]  No samples found: optitype
[2021-10-19 02:18:23,943] multiqc                                            [DEBUG  ]  Reordering sections: anchor 'software_versions' not found.
[2021-10-19 02:18:23,944] multiqc                                            [DEBUG  ]  Reordering sections: anchor 'software_versions' not found for module 'nf-core/geotofastq Workflow Summary'.
[2021-10-19 02:18:23,944] multiqc                                            [DEBUG  ]  Reordering sections: anchor 'nf-core-geotofastq-summary' not found for module 'nf-core/geotofastq Workflow Summary'.
[2021-10-19 02:18:23,944] multiqc                                            [INFO   ]  Compressing plot data
[2021-10-19 02:18:23,948] multiqc                                            [INFO   ]  Report      : multiqc_report.html
[2021-10-19 02:18:23,948] multiqc                                            [INFO   ]  Data        : multiqc_data
[2021-10-19 02:18:23,948] multiqc                                            [DEBUG  ]  Moving data file from '/tmp/tmpg_4281ub/multiqc_data' to '/Users/kaihu/GitHub/demo_nfcore/nf-core-geotofastq/work/49/a5fa11891997cdf5f253b30d97a1e6/multiqc_data'
[2021-10-19 02:18:23,958] multiqc                                            [INFO   ]  Plots       : multiqc_plots
[2021-10-19 02:18:23,958] multiqc                                            [DEBUG  ]  Moving plots directory from '/tmp/tmpg_4281ub/multiqc_plots' to '/Users/kaihu/GitHub/demo_nfcore/nf-core-geotofastq/work/49/a5fa11891997cdf5f253b30d97a1e6/multiqc_plots'
[2021-10-19 02:18:24,064] multiqc                                            [INFO   ]  MultiQC complete
